[debug] [2020-02-18T12:50:06.127Z] ----------------------------------------------------------------------
[debug] [2020-02-18T12:50:06.130Z] Command:       /usr/local/bin/firebase /Users/piyush/.cache/firebase/tools/lib/node_modules/firebase-tools/lib/bin/firebase init
[debug] [2020-02-18T12:50:06.131Z] CLI Version:   7.12.1
[debug] [2020-02-18T12:50:06.131Z] Platform:      darwin
[debug] [2020-02-18T12:50:06.131Z] Node Version:  v12.13.1
[debug] [2020-02-18T12:50:06.137Z] Time:          Tue Feb 18 2020 18:20:06 GMT+0530 (India Standard Time)
[debug] [2020-02-18T12:50:06.138Z] ----------------------------------------------------------------------
[debug] [2020-02-18T12:50:06.138Z] 
[debug] [2020-02-18T12:50:06.148Z] > command requires scopes: ["email","openid","https://www.googleapis.com/auth/cloudplatformprojects.readonly","https://www.googleapis.com/auth/firebase","https://www.googleapis.com/auth/cloud-platform"]
[debug] [2020-02-18T12:50:06.148Z] > authorizing via signed-in user
[info] 
     ######## #### ########  ######## ########     ###     ######  ########
     ##        ##  ##     ## ##       ##     ##  ##   ##  ##       ##
     ######    ##  ########  ######   ########  #########  ######  ######
     ##        ##  ##    ##  ##       ##     ## ##     ##       ## ##
     ##       #### ##     ## ######## ########  ##     ##  ######  ########

You're about to initialize a Firebase project in this directory:

  /Users/piyush/Work/Development/html-css-project

Before we get started, keep in mind:

  * You are initializing in an existing Firebase project directory

[debug] [2020-02-18T13:11:49.891Z] TypeError: Cannot read property 'setRawMode' of null
    at ReadStream.setRawMode (tty.js:71:28)
    at Interface._setRawMode (readline.js:277:16)
    at Interface.close (readline.js:400:10)
    at ReadStream.ontermend (readline.js:187:10)
    at ReadStream.emit (events.js:215:7)
    at ReadStream.EventEmitter.emit (domain.js:475:20)
    at endReadableNT (_stream_readable.js:1184:12)
    at processTicksAndRejections (internal/process/task_queues.js:80:21)
